<?xml version="1.0" encoding="UTF-8"?>
<testsuite xmlns:xsi="http://www.w3.org/2001/XMLSchema-instance" xsi:noNamespaceSchemaLocation="https://maven.apache.org/surefire/maven-surefire-plugin/xsd/surefire-test-report-3.0.xsd" version="3.0" name="TestSuite" time="138.62" tests="12" errors="0" skipped="0" failures="0">
  <properties>
[...]
</properties>
  <testcase name="addEmptyTodo" classname="tests.ToDoTextboxTest" time="4.49">
    <system-err><![CDATA[SLF4J: Failed to load class "org.slf4j.impl.StaticLoggerBinder".
SLF4J: Defaulting to no-operation (NOP) logger implementation
SLF4J: See http://www.slf4j.org/codes.html#StaticLoggerBinder for further details.
]]></system-err>
  </testcase>
  <testcase name="addMultipleTodos" classname="tests.ToDoTextboxTest" time="5.315"/>
  <testcase name="addSpacesTodo" classname="tests.ToDoTextboxTest" time="2.901"/>
  <testcase name="addSpecialCharacters" classname="tests.ToDoTextboxTest" time="4.408"/>
  <testcase name="pressEnterDirectly" classname="tests.ToDoTextboxTest" time="3.134"/>
  <testcase name="checkMultipleToDo" classname="tests.ToDoListTest" time="7.576"/>
  <testcase name="checkSingleToDo" classname="tests.ToDoListTest" time="6.63"/>
  <testcase name="removeToDo" classname="tests.ToDoListTest" time="6.529"/>
  <testcase name="uncheckMultipleToDo" classname="tests.ToDoListTest" time="8.905"/>
  <testcase name="activeToDo" classname="tests.ToDoFooterTest" time="7.264"/>
  <testcase name="clearCompletedToDo" classname="tests.ToDoFooterTest" time="6.488"/>
  <testcase name="completedToDo" classname="tests.ToDoFooterTest" time="7.405"/>
</testsuite>