<?xml version="1.0" encoding="UTF-8"?>
<!-- Generated by org.testng.reporters.JUnitXMLReporter -->
<testsuite ignored="0" hostname="LAPTOP-QJT6THHJ" failures="0" tests="12" name="ToDo Textbox Test" time="136.832" errors="0" timestamp="2025-12-09T21:00:34 IST">
  <testcase classname="tests.ToDoTextboxTest" name="addEmptyTodo" time="4.492"/>
  <testcase classname="tests.ToDoTextboxTest" name="addMultipleTodos" time="5.314"/>
  <testcase classname="tests.ToDoTextboxTest" name="addSpacesTodo" time="2.902"/>
  <testcase classname="tests.ToDoTextboxTest" name="addSpecialCharacters" time="4.409"/>
  <testcase classname="tests.ToDoTextboxTest" name="pressEnterDirectly" time="3.133"/>
  <testcase classname="tests.ToDoListTest" name="checkMultipleToDo" time="7.576"/>
  <testcase classname="tests.ToDoListTest" name="checkSingleToDo" time="6.63"/>
  <testcase classname="tests.ToDoListTest" name="removeToDo" time="6.529"/>
  <testcase classname="tests.ToDoListTest" name="uncheckMultipleToDo" time="8.902"/>
  <testcase classname="tests.ToDoFooterTest" name="activeToDo" time="7.264"/>
  <testcase classname="tests.ToDoFooterTest" name="clearCompletedToDo" time="6.487"/>
  <testcase classname="tests.ToDoFooterTest" name="completedToDo" time="7.405"/>
</testsuite> <!-- ToDo Textbox Test -->
