<?xml version="1.0" encoding="UTF-8"?>
<!-- Generated by org.testng.reporters.JUnitReportReporter -->
<testsuite hostname="LAPTOP-QJT6THHJ" failures="0" tests="4" name="tests.ToDoListTest" time="43.949" errors="0" timestamp="2025-12-09T21:00:34 IST" skipped="0">
  <testcase classname="tests.ToDoListTest" name="removeToDo" time="10.723"/>
  <testcase classname="tests.ToDoListTest" name="checkSingleToDo" time="9.727"/>
  <testcase classname="tests.ToDoListTest" name="checkMultipleToDo" time="11.365"/>
  <testcase classname="tests.ToDoListTest" name="uncheckMultipleToDo" time="12.134"/>
</testsuite> <!-- tests.ToDoListTest -->
