<?xml version="1.0" encoding="UTF-8"?>
<!-- Generated by org.testng.reporters.JUnitReportReporter -->
<testsuite hostname="LAPTOP-QJT6THHJ" failures="0" tests="5" name="tests.ToDoTextboxTest" time="61.906" errors="0" timestamp="2025-12-09T21:00:34 IST" skipped="0">
  <testcase classname="tests.ToDoTextboxTest" name="addEmptyTodo" time="8.001"/>
  <testcase classname="tests.ToDoTextboxTest" name="addSpecialCharacters" time="33.480"/>
  <testcase classname="tests.ToDoTextboxTest" name="addMultipleTodos" time="8.102"/>
  <testcase classname="tests.ToDoTextboxTest" name="addSpacesTodo" time="5.983"/>
  <testcase classname="tests.ToDoTextboxTest" name="pressEnterDirectly" time="6.340"/>
</testsuite> <!-- tests.ToDoTextboxTest -->
