<?xml version="1.0" encoding="UTF-8"?>
<!-- Generated by org.testng.reporters.JUnitReportReporter -->
<testsuite hostname="LAPTOP-QJT6THHJ" failures="0" tests="3" name="tests.ToDoFooterTest" time="30.783" errors="0" timestamp="2025-12-09T21:00:34 IST" skipped="0">
  <testcase classname="tests.ToDoFooterTest" name="clearCompletedToDo" time="9.867"/>
  <testcase classname="tests.ToDoFooterTest" name="completedToDo" time="10.536"/>
  <testcase classname="tests.ToDoFooterTest" name="activeToDo" time="10.380"/>
</testsuite> <!-- tests.ToDoFooterTest -->
